oai:aleph.mzk.cz:MZK01-001649796 Missing 520 tag.
oai:aleph.mzk.cz:MZK01-001649796 Missing 964 tag.
oai:aleph.mzk.cz:MZK01-001649796 Missing SIF tag.
oai:aleph.mzk.cz:MZK01-001649796 Missing OWN tag.
oai:aleph.mzk.cz:MZK01-001649796 Invalid value 003 tag.
oai:aleph.mzk.cz:MZK01-001649796 Invalid value 040a subfield.
oai:aleph.mzk.cz:MZK01-001649796 Invalid value 910a subfield.
oai:aleph.mzk.cz:MZK01-001649796 Invalid 651 indicator.
oai:aleph.mzk.cz:MZK01-001649796 Invalid 655 indicator.
oai:aleph.mzk.cz:MZK01-001649796 Invalid record type 260 tag.
oai:aleph.mzk.cz:MZK01-001649796 Invalid record type 490 tag.
oai:aleph.mzk.cz:MZK01-001649796 Invalid record type 830 tag.
oai:aleph.mzk.cz:MZK01-001649796 Invalid subfield code 040 tag.
oai:aleph.mzk.cz:MZK01-001649796 Invalid subfield code 040 tag.
oai:aleph.mzk.cz:MZK01-001649796 Invalid subfield code 300 tag.
oai:aleph.mzk.cz:MZK01-001649796 Invalid subfield code 651 tag.
oai:aleph.mzk.cz:MZK01-001649796 Invalid subfield code 651 tag.
oai:aleph.mzk.cz:MZK01-001649796 Invalid subfield code 910 tag.
oai:aleph.mzk.cz:MZK01-001658751 Missing 520 tag.
oai:aleph.mzk.cz:MZK01-001658751 Missing 964 tag.
oai:aleph.mzk.cz:MZK01-001658751 Missing SIF tag.
oai:aleph.mzk.cz:MZK01-001658751 Missing OWN tag.
oai:aleph.mzk.cz:MZK01-001658751 Invalid value 003 tag.
oai:aleph.mzk.cz:MZK01-001658751 Invalid value 040a subfield.
oai:aleph.mzk.cz:MZK01-001658751 Invalid value 910a subfield.
oai:aleph.mzk.cz:MZK01-001658751 Invalid 651 indicator.
oai:aleph.mzk.cz:MZK01-001658751 Invalid 655 indicator.
oai:aleph.mzk.cz:MZK01-001658751 Invalid record type 260 tag.
oai:aleph.mzk.cz:MZK01-001658751 Invalid record type 490 tag.
oai:aleph.mzk.cz:MZK01-001658751 Invalid record type 830 tag.
oai:aleph.mzk.cz:MZK01-001658751 Invalid subfield code 040 tag.
oai:aleph.mzk.cz:MZK01-001658751 Invalid subfield code 300 tag.
oai:aleph.mzk.cz:MZK01-001658751 Invalid subfield code 651 tag.
oai:aleph.mzk.cz:MZK01-001658751 Invalid subfield code 651 tag.
oai:aleph.mzk.cz:MZK01-001658751 Invalid subfield code 910 tag.
TOTAL: 2
